Arguments: 
  /usr/bin/node /usr/share/yarn/bin/yarn.js add micromoda --save

PATH: 
  /usr/local/sbin:/usr/local/bin:/usr/sbin:/usr/bin:/sbin:/bin:/usr/games:/usr/local/games:/snap/bin

Yarn version: 
  1.16.0

Node version: 
  10.16.0

Platform: 
  linux x64

Trace: 
  Error: https://registry.yarnpkg.com/micromoda: Not found
      at Request.params.callback [as _callback] (/usr/share/yarn/lib/cli.js:66091:18)
      at Request.self.callback (/usr/share/yarn/lib/cli.js:129590:22)
      at Request.emit (events.js:198:13)
      at Request.<anonymous> (/usr/share/yarn/lib/cli.js:130562:10)
      at Request.emit (events.js:198:13)
      at IncomingMessage.<anonymous> (/usr/share/yarn/lib/cli.js:130484:12)
      at Object.onceWrapper (events.js:286:20)
      at IncomingMessage.emit (events.js:203:15)
      at endReadableNT (_stream_readable.js:1129:12)
      at process._tickCallback (internal/process/next_tick.js:63:19)

npm manifest: 
  {
    "name": "facturascripts",
    "description": "Open source ERP software. Built on PHP, symfony componentes and bootstrap 4. Easy and powerful.",
    "main": "index.php",
    "scripts": {
      "test": "echo \"Error: no test specified\" && exit 1"
    },
    "repository": {
      "type": "git",
      "url": "git+https://github.com/NeoRazorX/facturascripts.git"
    },
    "keywords": [
      "facturascripts",
      "php",
      "invoice",
      "erp",
      "crm",
      "billing",
      "accounting"
    ],
    "author": "Carlos García Gómez",
    "license": "LGPL-3.0",
    "bugs": {
      "url": "https://www.facturascripts.com/contacto"
    },
    "homepage": "https://www.facturascripts.com",
    "dependencies": {
      "@fortawesome/fontawesome-free": "^5.9.0",
      "bootbox": "^4.x",
      "bootstrap": "^4.x",
      "chart.js": "^2.8.x",
      "handsontable": "^6.x",
      "jquery": "^3.4.1",
      "jquery-ui-dist": "^1.12.x",
      "popper.js": "^1.15.0"
    }
  }

yarn manifest: 
  No manifest

Lockfile: 
  No lockfile
